{"/media/rick/Arquivos/Treinamentos/Udemy/React/todo-list/src/index.jsx": {"path":"/media/rick/Arquivos/Treinamentos/Udemy/React/todo-list/src/index.jsx","statementMap":{"0":{"start":{"line":13,"column":0},"end":{"line":15,"column":39}}},"fnMap":{},"branchMap":{},"s":{"0":0},"f":{},"b":{},"hash":"680113304eb8dacf2f33cc667045ac5a180dc5ce"}
,"/media/rick/Arquivos/Treinamentos/Udemy/React/todo-list/src/about/About.jsx": {"path":"/media/rick/Arquivos/Treinamentos/Udemy/React/todo-list/src/about/About.jsx","statementMap":{"0":{"start":{"line":7,"column":4},"end":{"line":19,"column":10}}},"fnMap":{"0":{"name":"(anonymous_0)","decl":{"start":{"line":6,"column":15},"end":{"line":6,"column":16}},"loc":{"start":{"line":7,"column":4},"end":{"line":19,"column":10}},"line":7}},"branchMap":{},"s":{"0":0},"f":{"0":0},"b":{},"hash":"716e94d57c6ba54044c76b514b31476135490cab"}
,"/media/rick/Arquivos/Treinamentos/Udemy/React/todo-list/src/main/App.jsx": {"path":"/media/rick/Arquivos/Treinamentos/Udemy/React/todo-list/src/main/App.jsx","statementMap":{"0":{"start":{"line":10,"column":2},"end":{"line":17,"column":4}}},"fnMap":{"0":{"name":"App","decl":{"start":{"line":9,"column":9},"end":{"line":9,"column":12}},"loc":{"start":{"line":9,"column":15},"end":{"line":18,"column":1}},"line":9}},"branchMap":{},"s":{"0":0},"f":{"0":0},"b":{},"hash":"73f1059d5fcaef96ed51b2daff10be896fa90482"}
,"/media/rick/Arquivos/Treinamentos/Udemy/React/todo-list/src/main/Routes.jsx": {"path":"/media/rick/Arquivos/Treinamentos/Udemy/React/todo-list/src/main/Routes.jsx","statementMap":{"0":{"start":{"line":7,"column":4},"end":{"line":12,"column":13}}},"fnMap":{"0":{"name":"(anonymous_0)","decl":{"start":{"line":6,"column":15},"end":{"line":6,"column":16}},"loc":{"start":{"line":7,"column":4},"end":{"line":12,"column":13}},"line":7}},"branchMap":{},"s":{"0":0},"f":{"0":0},"b":{},"hash":"092664d3463eb175882ed543db497197cb47bc77"}
,"/media/rick/Arquivos/Treinamentos/Udemy/React/todo-list/src/template/grid/Grid.jsx": {"path":"/media/rick/Arquivos/Treinamentos/Udemy/React/todo-list/src/template/grid/Grid.jsx","statementMap":{"0":{"start":{"line":6,"column":21},"end":{"line":6,"column":54}},"1":{"start":{"line":7,"column":22},"end":{"line":7,"column":24}},"2":{"start":{"line":9,"column":8},"end":{"line":9,"column":52}},"3":{"start":{"line":9,"column":21},"end":{"line":9,"column":52}},"4":{"start":{"line":10,"column":8},"end":{"line":10,"column":53}},"5":{"start":{"line":10,"column":21},"end":{"line":10,"column":53}},"6":{"start":{"line":11,"column":8},"end":{"line":11,"column":53}},"7":{"start":{"line":11,"column":21},"end":{"line":11,"column":53}},"8":{"start":{"line":12,"column":8},"end":{"line":12,"column":53}},"9":{"start":{"line":12,"column":21},"end":{"line":12,"column":53}},"10":{"start":{"line":14,"column":8},"end":{"line":14,"column":23}},"11":{"start":{"line":18,"column":28},"end":{"line":18,"column":68}},"12":{"start":{"line":19,"column":8},"end":{"line":23,"column":9}}},"fnMap":{"0":{"name":"(anonymous_0)","decl":{"start":{"line":5,"column":4},"end":{"line":5,"column":5}},"loc":{"start":{"line":5,"column":26},"end":{"line":15,"column":5}},"line":5},"1":{"name":"(anonymous_1)","decl":{"start":{"line":17,"column":4},"end":{"line":17,"column":5}},"loc":{"start":{"line":17,"column":13},"end":{"line":24,"column":5}},"line":17}},"branchMap":{"0":{"loc":{"start":{"line":6,"column":21},"end":{"line":6,"column":54}},"type":"cond-expr","locations":[{"start":{"line":6,"column":31},"end":{"line":6,"column":49}},{"start":{"line":6,"column":52},"end":{"line":6,"column":54}}],"line":6},"1":{"loc":{"start":{"line":9,"column":8},"end":{"line":9,"column":52}},"type":"if","locations":[{"start":{"line":9,"column":8},"end":{"line":9,"column":52}},{"start":{"line":9,"column":8},"end":{"line":9,"column":52}}],"line":9},"2":{"loc":{"start":{"line":10,"column":8},"end":{"line":10,"column":53}},"type":"if","locations":[{"start":{"line":10,"column":8},"end":{"line":10,"column":53}},{"start":{"line":10,"column":8},"end":{"line":10,"column":53}}],"line":10},"3":{"loc":{"start":{"line":11,"column":8},"end":{"line":11,"column":53}},"type":"if","locations":[{"start":{"line":11,"column":8},"end":{"line":11,"column":53}},{"start":{"line":11,"column":8},"end":{"line":11,"column":53}}],"line":11},"4":{"loc":{"start":{"line":12,"column":8},"end":{"line":12,"column":53}},"type":"if","locations":[{"start":{"line":12,"column":8},"end":{"line":12,"column":53}},{"start":{"line":12,"column":8},"end":{"line":12,"column":53}}],"line":12},"5":{"loc":{"start":{"line":18,"column":46},"end":{"line":18,"column":67}},"type":"binary-expr","locations":[{"start":{"line":18,"column":46},"end":{"line":18,"column":61}},{"start":{"line":18,"column":65},"end":{"line":18,"column":67}}],"line":18}},"s":{"0":0,"1":0,"2":0,"3":0,"4":0,"5":0,"6":0,"7":0,"8":0,"9":0,"10":0,"11":0,"12":0},"f":{"0":0,"1":0},"b":{"0":[0,0],"1":[0,0],"2":[0,0],"3":[0,0],"4":[0,0],"5":[0,0]},"_coverageSchema":"43e27e138ebf9cfc5966b082cf9a028302ed4184","hash":"0f23794f4039b76d2294a0a3350d2a11cd2da430"}
,"/media/rick/Arquivos/Treinamentos/Udemy/React/todo-list/src/template/icon-button/IconButton.jsx": {"path":"/media/rick/Arquivos/Treinamentos/Udemy/React/todo-list/src/template/icon-button/IconButton.jsx","statementMap":{"0":{"start":{"line":6,"column":19},"end":{"line":27,"column":1}},"1":{"start":{"line":8,"column":26},"end":{"line":12,"column":5}},"2":{"start":{"line":14,"column":4},"end":{"line":25,"column":5}},"3":{"start":{"line":29,"column":0},"end":{"line":29,"column":38}}},"fnMap":{"0":{"name":"(anonymous_0)","decl":{"start":{"line":6,"column":19},"end":{"line":6,"column":20}},"loc":{"start":{"line":6,"column":28},"end":{"line":27,"column":1}},"line":6}},"branchMap":{"0":{"loc":{"start":{"line":10,"column":10},"end":{"line":10,"column":58}},"type":"cond-expr","locations":[{"start":{"line":10,"column":23},"end":{"line":10,"column":42}},{"start":{"line":10,"column":45},"end":{"line":10,"column":58}}],"line":10},"1":{"loc":{"start":{"line":11,"column":10},"end":{"line":11,"column":48}},"type":"cond-expr","locations":[{"start":{"line":11,"column":28},"end":{"line":11,"column":43}},{"start":{"line":11,"column":46},"end":{"line":11,"column":48}}],"line":11},"2":{"loc":{"start":{"line":19,"column":26},"end":{"line":19,"column":58}},"type":"cond-expr","locations":[{"start":{"line":19,"column":43},"end":{"line":19,"column":53}},{"start":{"line":19,"column":56},"end":{"line":19,"column":58}}],"line":19},"3":{"loc":{"start":{"line":21,"column":39},"end":{"line":21,"column":72}},"type":"cond-expr","locations":[{"start":{"line":21,"column":52},"end":{"line":21,"column":62}},{"start":{"line":21,"column":65},"end":{"line":21,"column":72}}],"line":21},"4":{"loc":{"start":{"line":22,"column":17},"end":{"line":22,"column":47}},"type":"cond-expr","locations":[{"start":{"line":22,"column":31},"end":{"line":22,"column":42}},{"start":{"line":22,"column":45},"end":{"line":22,"column":47}}],"line":22}},"s":{"0":4,"1":16,"2":16,"3":4},"f":{"0":16},"b":{"0":[1,15],"1":[1,15],"2":[1,15],"3":[1,15],"4":[1,15]},"_coverageSchema":"43e27e138ebf9cfc5966b082cf9a028302ed4184","hash":"018993402d6647315609c3baddfb12fb3b264514"}
,"/media/rick/Arquivos/Treinamentos/Udemy/React/todo-list/src/template/if/If.jsx": {"path":"/media/rick/Arquivos/Treinamentos/Udemy/React/todo-list/src/template/if/If.jsx","statementMap":{"0":{"start":{"line":1,"column":11},"end":{"line":5,"column":1}},"1":{"start":{"line":2,"column":4},"end":{"line":4,"column":15}},"2":{"start":{"line":7,"column":0},"end":{"line":7,"column":22}}},"fnMap":{"0":{"name":"(anonymous_0)","decl":{"start":{"line":1,"column":11},"end":{"line":1,"column":12}},"loc":{"start":{"line":2,"column":4},"end":{"line":4,"column":15}},"line":2}},"branchMap":{"0":{"loc":{"start":{"line":2,"column":4},"end":{"line":4,"column":15}},"type":"cond-expr","locations":[{"start":{"line":3,"column":10},"end":{"line":3,"column":24}},{"start":{"line":4,"column":10},"end":{"line":4,"column":15}}],"line":2}},"s":{"0":4,"1":1,"2":4},"f":{"0":1},"b":{"0":[0,1]},"_coverageSchema":"43e27e138ebf9cfc5966b082cf9a028302ed4184","hash":"4429843b58ab72be1a3feca5e53831dd6c693aaa"}
,"/media/rick/Arquivos/Treinamentos/Udemy/React/todo-list/src/template/menu/Menu.jsx": {"path":"/media/rick/Arquivos/Treinamentos/Udemy/React/todo-list/src/template/menu/Menu.jsx","statementMap":{"0":{"start":{"line":7,"column":4},"end":{"line":30,"column":5}}},"fnMap":{"0":{"name":"(anonymous_0)","decl":{"start":{"line":6,"column":15},"end":{"line":6,"column":16}},"loc":{"start":{"line":6,"column":24},"end":{"line":31,"column":1}},"line":6}},"branchMap":{},"s":{"0":0},"f":{"0":0},"b":{},"hash":"40e200e5dfeb8099553dd1ec33b04836b806813f"}
,"/media/rick/Arquivos/Treinamentos/Udemy/React/todo-list/src/template/page-header/PageHeader.jsx": {"path":"/media/rick/Arquivos/Treinamentos/Udemy/React/todo-list/src/template/page-header/PageHeader.jsx","statementMap":{"0":{"start":{"line":4,"column":19},"end":{"line":10,"column":1}},"1":{"start":{"line":5,"column":4},"end":{"line":9,"column":13}},"2":{"start":{"line":12,"column":0},"end":{"line":12,"column":38}}},"fnMap":{"0":{"name":"(anonymous_0)","decl":{"start":{"line":4,"column":19},"end":{"line":4,"column":20}},"loc":{"start":{"line":5,"column":4},"end":{"line":9,"column":13}},"line":5}},"branchMap":{},"s":{"0":1,"1":0,"2":1},"f":{"0":0},"b":{},"_coverageSchema":"43e27e138ebf9cfc5966b082cf9a028302ed4184","hash":"0fed97aee122250f85d0201606a86b93d278fa66"}
,"/media/rick/Arquivos/Treinamentos/Udemy/React/todo-list/src/todo/Todo.jsx": {"path":"/media/rick/Arquivos/Treinamentos/Udemy/React/todo-list/src/todo/Todo.jsx","statementMap":{"0":{"start":{"line":12,"column":11},"end":{"line":15,"column":5}},"1":{"start":{"line":17,"column":29},"end":{"line":19,"column":5}},"2":{"start":{"line":18,"column":8},"end":{"line":18,"column":39}},"3":{"start":{"line":21,"column":16},"end":{"line":34,"column":5}},"4":{"start":{"line":22,"column":8},"end":{"line":22,"column":44}},"5":{"start":{"line":22,"column":37},"end":{"line":22,"column":44}},"6":{"start":{"line":24,"column":8},"end":{"line":33,"column":68}},"7":{"start":{"line":30,"column":12},"end":{"line":30,"column":47}},"8":{"start":{"line":31,"column":12},"end":{"line":31,"column":25}},"9":{"start":{"line":33,"column":24},"end":{"line":33,"column":66}},"10":{"start":{"line":36,"column":19},"end":{"line":38,"column":5}},"11":{"start":{"line":37,"column":8},"end":{"line":37,"column":22}},"12":{"start":{"line":40,"column":18},"end":{"line":42,"column":5}},"13":{"start":{"line":41,"column":8},"end":{"line":41,"column":76}},"14":{"start":{"line":41,"column":60},"end":{"line":41,"column":73}},"15":{"start":{"line":44,"column":19},"end":{"line":48,"column":5}},"16":{"start":{"line":45,"column":8},"end":{"line":47,"column":64}},"17":{"start":{"line":46,"column":24},"end":{"line":46,"column":37}},"18":{"start":{"line":47,"column":28},"end":{"line":47,"column":62}},"19":{"start":{"line":50,"column":24},"end":{"line":54,"column":5}},"20":{"start":{"line":51,"column":8},"end":{"line":53,"column":70}},"21":{"start":{"line":52,"column":24},"end":{"line":52,"column":37}},"22":{"start":{"line":53,"column":28},"end":{"line":53,"column":68}},"23":{"start":{"line":56,"column":13},"end":{"line":60,"column":5}},"24":{"start":{"line":57,"column":8},"end":{"line":59,"column":74}},"25":{"start":{"line":58,"column":28},"end":{"line":58,"column":64}},"26":{"start":{"line":59,"column":28},"end":{"line":59,"column":73}},"27":{"start":{"line":63,"column":8},"end":{"line":63,"column":22}},"28":{"start":{"line":67,"column":8},"end":{"line":87,"column":9}}},"fnMap":{"0":{"name":"(anonymous_0)","decl":{"start":{"line":17,"column":29},"end":{"line":17,"column":30}},"loc":{"start":{"line":17,"column":44},"end":{"line":19,"column":5}},"line":17},"1":{"name":"(anonymous_1)","decl":{"start":{"line":21,"column":16},"end":{"line":21,"column":17}},"loc":{"start":{"line":21,"column":22},"end":{"line":34,"column":5}},"line":21},"2":{"name":"(anonymous_2)","decl":{"start":{"line":29,"column":14},"end":{"line":29,"column":15}},"loc":{"start":{"line":29,"column":20},"end":{"line":32,"column":9}},"line":29},"3":{"name":"(anonymous_3)","decl":{"start":{"line":33,"column":15},"end":{"line":33,"column":16}},"loc":{"start":{"line":33,"column":24},"end":{"line":33,"column":66}},"line":33},"4":{"name":"(anonymous_4)","decl":{"start":{"line":36,"column":19},"end":{"line":36,"column":20}},"loc":{"start":{"line":36,"column":25},"end":{"line":38,"column":5}},"line":36},"5":{"name":"(anonymous_5)","decl":{"start":{"line":40,"column":18},"end":{"line":40,"column":19}},"loc":{"start":{"line":40,"column":24},"end":{"line":42,"column":5}},"line":40},"6":{"name":"(anonymous_6)","decl":{"start":{"line":41,"column":54},"end":{"line":41,"column":55}},"loc":{"start":{"line":41,"column":60},"end":{"line":41,"column":73}},"line":41},"7":{"name":"(anonymous_7)","decl":{"start":{"line":44,"column":19},"end":{"line":44,"column":20}},"loc":{"start":{"line":44,"column":27},"end":{"line":48,"column":5}},"line":44},"8":{"name":"(anonymous_8)","decl":{"start":{"line":46,"column":18},"end":{"line":46,"column":19}},"loc":{"start":{"line":46,"column":24},"end":{"line":46,"column":37}},"line":46},"9":{"name":"(anonymous_9)","decl":{"start":{"line":47,"column":19},"end":{"line":47,"column":20}},"loc":{"start":{"line":47,"column":28},"end":{"line":47,"column":62}},"line":47},"10":{"name":"(anonymous_10)","decl":{"start":{"line":50,"column":24},"end":{"line":50,"column":25}},"loc":{"start":{"line":50,"column":31},"end":{"line":54,"column":5}},"line":50},"11":{"name":"(anonymous_11)","decl":{"start":{"line":52,"column":18},"end":{"line":52,"column":19}},"loc":{"start":{"line":52,"column":24},"end":{"line":52,"column":37}},"line":52},"12":{"name":"(anonymous_12)","decl":{"start":{"line":53,"column":19},"end":{"line":53,"column":20}},"loc":{"start":{"line":53,"column":28},"end":{"line":53,"column":68}},"line":53},"13":{"name":"(anonymous_13)","decl":{"start":{"line":56,"column":13},"end":{"line":56,"column":14}},"loc":{"start":{"line":56,"column":19},"end":{"line":60,"column":5}},"line":56},"14":{"name":"(anonymous_14)","decl":{"start":{"line":58,"column":18},"end":{"line":58,"column":19}},"loc":{"start":{"line":58,"column":28},"end":{"line":58,"column":64}},"line":58},"15":{"name":"(anonymous_15)","decl":{"start":{"line":59,"column":19},"end":{"line":59,"column":20}},"loc":{"start":{"line":59,"column":28},"end":{"line":59,"column":73}},"line":59},"16":{"name":"(anonymous_16)","decl":{"start":{"line":62,"column":4},"end":{"line":62,"column":5}},"loc":{"start":{"line":62,"column":24},"end":{"line":64,"column":5}},"line":62},"17":{"name":"(anonymous_17)","decl":{"start":{"line":66,"column":4},"end":{"line":66,"column":5}},"loc":{"start":{"line":66,"column":13},"end":{"line":88,"column":5}},"line":66}},"branchMap":{"0":{"loc":{"start":{"line":22,"column":8},"end":{"line":22,"column":44}},"type":"if","locations":[{"start":{"line":22,"column":8},"end":{"line":22,"column":44}},{"start":{"line":22,"column":8},"end":{"line":22,"column":44}}],"line":22}},"s":{"0":5,"1":5,"2":0,"3":5,"4":3,"5":1,"6":2,"7":1,"8":1,"9":1,"10":5,"11":0,"12":5,"13":0,"14":0,"15":5,"16":2,"17":1,"18":1,"19":5,"20":0,"21":0,"22":0,"23":5,"24":5,"25":0,"26":0,"27":5,"28":8},"f":{"0":0,"1":3,"2":1,"3":1,"4":0,"5":0,"6":0,"7":2,"8":1,"9":1,"10":0,"11":0,"12":0,"13":5,"14":0,"15":0,"16":5,"17":8},"b":{"0":[1,2]},"_coverageSchema":"43e27e138ebf9cfc5966b082cf9a028302ed4184","hash":"1c32b6de85d432c07ca1ed6b5d93d994a7a260a9"}
,"/media/rick/Arquivos/Treinamentos/Udemy/React/todo-list/src/todo/TodoService.js": {"path":"/media/rick/Arquivos/Treinamentos/Udemy/React/todo-list/src/todo/TodoService.js","statementMap":{"0":{"start":{"line":5,"column":19},"end":{"line":5,"column":28}},"1":{"start":{"line":8,"column":8},"end":{"line":13,"column":9}},"2":{"start":{"line":9,"column":12},"end":{"line":12,"column":14}},"3":{"start":{"line":14,"column":8},"end":{"line":14,"column":33}},"4":{"start":{"line":18,"column":8},"end":{"line":19,"column":74}},"5":{"start":{"line":19,"column":28},"end":{"line":19,"column":72}},"6":{"start":{"line":23,"column":20},"end":{"line":23,"column":91}},"7":{"start":{"line":24,"column":8},"end":{"line":25,"column":71}},"8":{"start":{"line":25,"column":28},"end":{"line":25,"column":69}},"9":{"start":{"line":29,"column":8},"end":{"line":30,"column":69}},"10":{"start":{"line":30,"column":28},"end":{"line":30,"column":67}},"11":{"start":{"line":34,"column":8},"end":{"line":35,"column":79}},"12":{"start":{"line":35,"column":28},"end":{"line":35,"column":77}}},"fnMap":{"0":{"name":"(anonymous_0)","decl":{"start":{"line":7,"column":4},"end":{"line":7,"column":5}},"loc":{"start":{"line":7,"column":21},"end":{"line":15,"column":5}},"line":7},"1":{"name":"(anonymous_1)","decl":{"start":{"line":17,"column":4},"end":{"line":17,"column":5}},"loc":{"start":{"line":17,"column":24},"end":{"line":20,"column":5}},"line":17},"2":{"name":"(anonymous_2)","decl":{"start":{"line":19,"column":19},"end":{"line":19,"column":20}},"loc":{"start":{"line":19,"column":28},"end":{"line":19,"column":72}},"line":19},"3":{"name":"(anonymous_3)","decl":{"start":{"line":22,"column":4},"end":{"line":22,"column":5}},"loc":{"start":{"line":22,"column":24},"end":{"line":26,"column":5}},"line":22},"4":{"name":"(anonymous_4)","decl":{"start":{"line":25,"column":19},"end":{"line":25,"column":20}},"loc":{"start":{"line":25,"column":28},"end":{"line":25,"column":69}},"line":25},"5":{"name":"(anonymous_5)","decl":{"start":{"line":28,"column":4},"end":{"line":28,"column":5}},"loc":{"start":{"line":28,"column":24},"end":{"line":31,"column":5}},"line":28},"6":{"name":"(anonymous_6)","decl":{"start":{"line":30,"column":19},"end":{"line":30,"column":20}},"loc":{"start":{"line":30,"column":28},"end":{"line":30,"column":67}},"line":30},"7":{"name":"(anonymous_7)","decl":{"start":{"line":33,"column":4},"end":{"line":33,"column":5}},"loc":{"start":{"line":33,"column":28},"end":{"line":36,"column":5}},"line":33},"8":{"name":"(anonymous_8)","decl":{"start":{"line":35,"column":19},"end":{"line":35,"column":20}},"loc":{"start":{"line":35,"column":28},"end":{"line":35,"column":77}},"line":35}},"branchMap":{"0":{"loc":{"start":{"line":8,"column":8},"end":{"line":13,"column":9}},"type":"if","locations":[{"start":{"line":8,"column":8},"end":{"line":13,"column":9}},{"start":{"line":8,"column":8},"end":{"line":13,"column":9}}],"line":8},"1":{"loc":{"start":{"line":23,"column":20},"end":{"line":23,"column":91}},"type":"cond-expr","locations":[{"start":{"line":23,"column":47},"end":{"line":23,"column":86}},{"start":{"line":23,"column":89},"end":{"line":23,"column":91}}],"line":23},"2":{"loc":{"start":{"line":23,"column":20},"end":{"line":23,"column":44}},"type":"binary-expr","locations":[{"start":{"line":23,"column":20},"end":{"line":23,"column":24}},{"start":{"line":23,"column":28},"end":{"line":23,"column":44}}],"line":23}},"s":{"0":1,"1":5,"2":5,"3":0,"4":0,"5":0,"6":5,"7":5,"8":0,"9":0,"10":0,"11":0,"12":0},"f":{"0":5,"1":0,"2":0,"3":5,"4":0,"5":0,"6":0,"7":0,"8":0},"b":{"0":[5,0],"1":[0,5],"2":[5,5]},"_coverageSchema":"43e27e138ebf9cfc5966b082cf9a028302ed4184","hash":"cdc13cee3e3af137ab67a9c73f99d6efc24cf303"}
,"/media/rick/Arquivos/Treinamentos/Udemy/React/todo-list/src/todo/todo-form/TodoForm.jsx": {"path":"/media/rick/Arquivos/Treinamentos/Udemy/React/todo-list/src/todo/todo-form/TodoForm.jsx","statementMap":{"0":{"start":{"line":8,"column":17},"end":{"line":65,"column":1}},"1":{"start":{"line":10,"column":36},"end":{"line":12,"column":5}},"2":{"start":{"line":11,"column":8},"end":{"line":11,"column":52}},"3":{"start":{"line":14,"column":24},"end":{"line":26,"column":5}},"4":{"start":{"line":16,"column":8},"end":{"line":25,"column":9}},"5":{"start":{"line":18,"column":16},"end":{"line":18,"column":64}},"6":{"start":{"line":19,"column":16},"end":{"line":19,"column":22}},"7":{"start":{"line":21,"column":16},"end":{"line":21,"column":32}},"8":{"start":{"line":22,"column":16},"end":{"line":22,"column":22}},"9":{"start":{"line":24,"column":16},"end":{"line":24,"column":22}},"10":{"start":{"line":28,"column":4},"end":{"line":64,"column":5}},"11":{"start":{"line":67,"column":0},"end":{"line":67,"column":34}}},"fnMap":{"0":{"name":"(anonymous_0)","decl":{"start":{"line":8,"column":17},"end":{"line":8,"column":18}},"loc":{"start":{"line":8,"column":26},"end":{"line":65,"column":1}},"line":8},"1":{"name":"(anonymous_1)","decl":{"start":{"line":10,"column":36},"end":{"line":10,"column":37}},"loc":{"start":{"line":10,"column":45},"end":{"line":12,"column":5}},"line":10},"2":{"name":"(anonymous_2)","decl":{"start":{"line":14,"column":24},"end":{"line":14,"column":25}},"loc":{"start":{"line":14,"column":33},"end":{"line":26,"column":5}},"line":14}},"branchMap":{"0":{"loc":{"start":{"line":16,"column":8},"end":{"line":25,"column":9}},"type":"switch","locations":[{"start":{"line":17,"column":12},"end":{"line":19,"column":22}},{"start":{"line":20,"column":12},"end":{"line":22,"column":22}},{"start":{"line":23,"column":12},"end":{"line":24,"column":22}}],"line":16},"1":{"loc":{"start":{"line":18,"column":16},"end":{"line":18,"column":64}},"type":"cond-expr","locations":[{"start":{"line":18,"column":32},"end":{"line":18,"column":45}},{"start":{"line":18,"column":48},"end":{"line":18,"column":64}}],"line":18}},"s":{"0":2,"1":14,"2":1,"3":14,"4":3,"5":2,"6":2,"7":1,"8":1,"9":0,"10":14,"11":2},"f":{"0":14,"1":1,"2":3},"b":{"0":[2,1,0],"1":[1,1]},"_coverageSchema":"43e27e138ebf9cfc5966b082cf9a028302ed4184","hash":"c78b833c129bed59ec9cd71f0c04a5401d67a8df"}
,"/media/rick/Arquivos/Treinamentos/Udemy/React/todo-list/src/todo/todo-list/TodoList.jsx": {"path":"/media/rick/Arquivos/Treinamentos/Udemy/React/todo-list/src/todo/todo-list/TodoList.jsx","statementMap":{"0":{"start":{"line":7,"column":17},"end":{"line":70,"column":1}},"1":{"start":{"line":9,"column":23},"end":{"line":53,"column":5}},"2":{"start":{"line":10,"column":21},"end":{"line":10,"column":54}},"3":{"start":{"line":12,"column":8},"end":{"line":52,"column":14}},"4":{"start":{"line":19,"column":16},"end":{"line":51,"column":21}},"5":{"start":{"line":31,"column":43},"end":{"line":31,"column":82}},"6":{"start":{"line":39,"column":43},"end":{"line":39,"column":83}},"7":{"start":{"line":47,"column":43},"end":{"line":47,"column":63}},"8":{"start":{"line":55,"column":4},"end":{"line":69,"column":5}},"9":{"start":{"line":72,"column":0},"end":{"line":72,"column":34}}},"fnMap":{"0":{"name":"(anonymous_0)","decl":{"start":{"line":7,"column":17},"end":{"line":7,"column":18}},"loc":{"start":{"line":7,"column":26},"end":{"line":70,"column":1}},"line":7},"1":{"name":"(anonymous_1)","decl":{"start":{"line":9,"column":23},"end":{"line":9,"column":24}},"loc":{"start":{"line":9,"column":29},"end":{"line":53,"column":5}},"line":9},"2":{"name":"(anonymous_2)","decl":{"start":{"line":18,"column":23},"end":{"line":18,"column":24}},"loc":{"start":{"line":19,"column":16},"end":{"line":51,"column":21}},"line":19},"3":{"name":"(anonymous_3)","decl":{"start":{"line":31,"column":37},"end":{"line":31,"column":38}},"loc":{"start":{"line":31,"column":43},"end":{"line":31,"column":82}},"line":31},"4":{"name":"(anonymous_4)","decl":{"start":{"line":39,"column":37},"end":{"line":39,"column":38}},"loc":{"start":{"line":39,"column":43},"end":{"line":39,"column":83}},"line":39},"5":{"name":"(anonymous_5)","decl":{"start":{"line":47,"column":37},"end":{"line":47,"column":38}},"loc":{"start":{"line":47,"column":43},"end":{"line":47,"column":63}},"line":47}},"branchMap":{"0":{"loc":{"start":{"line":10,"column":21},"end":{"line":10,"column":54}},"type":"cond-expr","locations":[{"start":{"line":10,"column":34},"end":{"line":10,"column":49}},{"start":{"line":10,"column":52},"end":{"line":10,"column":54}}],"line":10},"1":{"loc":{"start":{"line":12,"column":15},"end":{"line":52,"column":14}},"type":"cond-expr","locations":[{"start":{"line":14,"column":16},"end":{"line":16,"column":21}},{"start":{"line":18,"column":14},"end":{"line":52,"column":14}}],"line":12},"2":{"loc":{"start":{"line":21,"column":41},"end":{"line":21,"column":64}},"type":"cond-expr","locations":[{"start":{"line":21,"column":53},"end":{"line":21,"column":59}},{"start":{"line":21,"column":62},"end":{"line":21,"column":64}}],"line":21}},"s":{"0":2,"1":17,"2":17,"3":17,"4":7,"5":1,"6":1,"7":1,"8":17,"9":2},"f":{"0":17,"1":17,"2":7,"3":1,"4":1,"5":1},"b":{"0":[7,10],"1":[11,6],"2":[4,3]},"_coverageSchema":"43e27e138ebf9cfc5966b082cf9a028302ed4184","hash":"4ea47c52fe508443ea68bf2515ced99f953a14ca"}
}
