TN:
SF:/media/rick/Arquivos/Treinamentos/Udemy/React/todo-list/src/index.jsx
FNF:0
FNH:0
DA:13,0
LF:1
LH:0
BRF:0
BRH:0
end_of_record
TN:
SF:/media/rick/Arquivos/Treinamentos/Udemy/React/todo-list/src/about/About.jsx
FN:6,(anonymous_0)
FNF:1
FNH:0
FNDA:0,(anonymous_0)
DA:7,0
LF:1
LH:0
BRF:0
BRH:0
end_of_record
TN:
SF:/media/rick/Arquivos/Treinamentos/Udemy/React/todo-list/src/main/App.jsx
FN:9,App
FNF:1
FNH:0
FNDA:0,App
DA:10,0
LF:1
LH:0
BRF:0
BRH:0
end_of_record
TN:
SF:/media/rick/Arquivos/Treinamentos/Udemy/React/todo-list/src/main/Routes.jsx
FN:6,(anonymous_0)
FNF:1
FNH:0
FNDA:0,(anonymous_0)
DA:7,0
LF:1
LH:0
BRF:0
BRH:0
end_of_record
TN:
SF:/media/rick/Arquivos/Treinamentos/Udemy/React/todo-list/src/template/grid/Grid.jsx
FN:5,(anonymous_0)
FN:17,(anonymous_1)
FNF:2
FNH:0
FNDA:0,(anonymous_0)
FNDA:0,(anonymous_1)
DA:6,0
DA:7,0
DA:9,0
DA:10,0
DA:11,0
DA:12,0
DA:14,0
DA:18,0
DA:19,0
LF:9
LH:0
BRDA:6,0,0,0
BRDA:6,0,1,0
BRDA:9,1,0,0
BRDA:9,1,1,0
BRDA:10,2,0,0
BRDA:10,2,1,0
BRDA:11,3,0,0
BRDA:11,3,1,0
BRDA:12,4,0,0
BRDA:12,4,1,0
BRDA:18,5,0,0
BRDA:18,5,1,0
BRF:12
BRH:0
end_of_record
TN:
SF:/media/rick/Arquivos/Treinamentos/Udemy/React/todo-list/src/template/icon-button/IconButton.jsx
FN:6,(anonymous_0)
FNF:1
FNH:1
FNDA:16,(anonymous_0)
DA:6,4
DA:8,16
DA:14,16
DA:29,4
LF:4
LH:4
BRDA:10,0,0,1
BRDA:10,0,1,15
BRDA:11,1,0,1
BRDA:11,1,1,15
BRDA:19,2,0,1
BRDA:19,2,1,15
BRDA:21,3,0,1
BRDA:21,3,1,15
BRDA:22,4,0,1
BRDA:22,4,1,15
BRF:10
BRH:10
end_of_record
TN:
SF:/media/rick/Arquivos/Treinamentos/Udemy/React/todo-list/src/template/if/If.jsx
FN:1,(anonymous_0)
FNF:1
FNH:1
FNDA:1,(anonymous_0)
DA:1,4
DA:2,1
DA:7,4
LF:3
LH:3
BRDA:2,0,0,0
BRDA:2,0,1,1
BRF:2
BRH:1
end_of_record
TN:
SF:/media/rick/Arquivos/Treinamentos/Udemy/React/todo-list/src/template/menu/Menu.jsx
FN:6,(anonymous_0)
FNF:1
FNH:0
FNDA:0,(anonymous_0)
DA:7,0
LF:1
LH:0
BRF:0
BRH:0
end_of_record
TN:
SF:/media/rick/Arquivos/Treinamentos/Udemy/React/todo-list/src/template/page-header/PageHeader.jsx
FN:4,(anonymous_0)
FNF:1
FNH:0
FNDA:0,(anonymous_0)
DA:4,1
DA:5,0
DA:12,1
LF:3
LH:2
BRF:0
BRH:0
end_of_record
TN:
SF:/media/rick/Arquivos/Treinamentos/Udemy/React/todo-list/src/todo/Todo.jsx
FN:17,(anonymous_0)
FN:21,(anonymous_1)
FN:29,(anonymous_2)
FN:33,(anonymous_3)
FN:36,(anonymous_4)
FN:40,(anonymous_5)
FN:41,(anonymous_6)
FN:44,(anonymous_7)
FN:46,(anonymous_8)
FN:47,(anonymous_9)
FN:50,(anonymous_10)
FN:52,(anonymous_11)
FN:53,(anonymous_12)
FN:56,(anonymous_13)
FN:58,(anonymous_14)
FN:59,(anonymous_15)
FN:62,(anonymous_16)
FN:66,(anonymous_17)
FNF:18
FNH:9
FNDA:0,(anonymous_0)
FNDA:3,(anonymous_1)
FNDA:1,(anonymous_2)
FNDA:1,(anonymous_3)
FNDA:0,(anonymous_4)
FNDA:0,(anonymous_5)
FNDA:0,(anonymous_6)
FNDA:2,(anonymous_7)
FNDA:1,(anonymous_8)
FNDA:1,(anonymous_9)
FNDA:0,(anonymous_10)
FNDA:0,(anonymous_11)
FNDA:0,(anonymous_12)
FNDA:5,(anonymous_13)
FNDA:0,(anonymous_14)
FNDA:0,(anonymous_15)
FNDA:5,(anonymous_16)
FNDA:8,(anonymous_17)
DA:12,5
DA:17,5
DA:18,0
DA:21,5
DA:22,3
DA:24,2
DA:30,1
DA:31,1
DA:33,1
DA:36,5
DA:37,0
DA:40,5
DA:41,0
DA:44,5
DA:45,2
DA:46,1
DA:47,1
DA:50,5
DA:51,0
DA:52,0
DA:53,0
DA:56,5
DA:57,5
DA:58,0
DA:59,0
DA:63,5
DA:67,8
LF:27
LH:19
BRDA:22,0,0,1
BRDA:22,0,1,2
BRF:2
BRH:2
end_of_record
TN:
SF:/media/rick/Arquivos/Treinamentos/Udemy/React/todo-list/src/todo/TodoService.js
FN:7,(anonymous_0)
FN:17,(anonymous_1)
FN:19,(anonymous_2)
FN:22,(anonymous_3)
FN:25,(anonymous_4)
FN:28,(anonymous_5)
FN:30,(anonymous_6)
FN:33,(anonymous_7)
FN:35,(anonymous_8)
FNF:9
FNH:2
FNDA:5,(anonymous_0)
FNDA:0,(anonymous_1)
FNDA:0,(anonymous_2)
FNDA:5,(anonymous_3)
FNDA:0,(anonymous_4)
FNDA:0,(anonymous_5)
FNDA:0,(anonymous_6)
FNDA:0,(anonymous_7)
FNDA:0,(anonymous_8)
DA:5,1
DA:8,5
DA:9,5
DA:14,0
DA:18,0
DA:19,0
DA:23,5
DA:24,5
DA:25,0
DA:29,0
DA:30,0
DA:34,0
DA:35,0
LF:13
LH:5
BRDA:8,0,0,5
BRDA:8,0,1,0
BRDA:23,1,0,0
BRDA:23,1,1,5
BRDA:23,2,0,5
BRDA:23,2,1,5
BRF:6
BRH:4
end_of_record
TN:
SF:/media/rick/Arquivos/Treinamentos/Udemy/React/todo-list/src/todo/todo-form/TodoForm.jsx
FN:8,(anonymous_0)
FN:10,(anonymous_1)
FN:14,(anonymous_2)
FNF:3
FNH:3
FNDA:14,(anonymous_0)
FNDA:1,(anonymous_1)
FNDA:3,(anonymous_2)
DA:8,2
DA:10,14
DA:11,1
DA:14,14
DA:16,3
DA:18,2
DA:19,2
DA:21,1
DA:22,1
DA:24,0
DA:28,14
DA:67,2
LF:12
LH:11
BRDA:16,0,0,2
BRDA:16,0,1,1
BRDA:16,0,2,0
BRDA:18,1,0,1
BRDA:18,1,1,1
BRF:5
BRH:4
end_of_record
TN:
SF:/media/rick/Arquivos/Treinamentos/Udemy/React/todo-list/src/todo/todo-list/TodoList.jsx
FN:7,(anonymous_0)
FN:9,(anonymous_1)
FN:18,(anonymous_2)
FN:31,(anonymous_3)
FN:39,(anonymous_4)
FN:47,(anonymous_5)
FNF:6
FNH:6
FNDA:17,(anonymous_0)
FNDA:17,(anonymous_1)
FNDA:7,(anonymous_2)
FNDA:1,(anonymous_3)
FNDA:1,(anonymous_4)
FNDA:1,(anonymous_5)
DA:7,2
DA:9,17
DA:10,17
DA:12,17
DA:19,7
DA:31,1
DA:39,1
DA:47,1
DA:55,17
DA:72,2
LF:10
LH:10
BRDA:10,0,0,7
BRDA:10,0,1,10
BRDA:12,1,0,11
BRDA:12,1,1,6
BRDA:21,2,0,4
BRDA:21,2,1,3
BRF:6
BRH:6
end_of_record
